Arguments: 
  C:\Program Files\nodejs\node.exe C:\Program Files (x86)\Yarn\bin\yarn.js install

PATH: 
  C:\windows\system32;C:\windows;C:\windows\System32\Wbem;C:\windows\System32\WindowsPowerShell\v1.0\;C:\windows\System32\OpenSSH\;C:\Program Files\Git\cmd;C:\Users\paul_hsin\AppData\Local\Android\Sdk\platform-tools;;C:\Program Files\nodejs\;C:\Program Files (x86)\Yarn\bin\;C:\Program Files\Docker\Docker\resources\bin;C:\ProgramData\DockerDesktop\version-bin;C:\Users\paul_hsin\AppData\Local\Microsoft\WindowsApps;;C:\Users\paul_hsin\AppData\Local\Programs\Microsoft VS Code\bin;C:\Users\paul_hsin\AppData\Roaming\npm;C:\Users\paul_hsin\AppData\Local\Yarn\bin

Yarn version: 
  1.22.4

Node version: 
  12.18.1

Platform: 
  win32 x64

Trace: 
  SyntaxError: D:\Unity\Puff\Server\package.json: Unexpected token } in JSON at position 776
      at JSON.parse (<anonymous>)
      at C:\Program Files (x86)\Yarn\lib\cli.js:1625:59
      at Generator.next (<anonymous>)
      at step (C:\Program Files (x86)\Yarn\lib\cli.js:310:30)
      at C:\Program Files (x86)\Yarn\lib\cli.js:321:13

npm manifest: 
  {
    "name": "PuffServer",
    "version": "1.0.0",
    "description": "",
    "main": "index.js",
    "scripts": {
      "prod": "./node_modules/.bin/pm2 start ./dist/index.js --name 'PuffServer' --log-date-format 'YYYY-MM-DD HH:mm'",
      "prod_restart": "./node_modules/.bin/pm2 restart 'PuffServer' --log-date-format 'YYYY-MM-DD HH:mm'",
      "dev": "./node_modules/.bin/nodemon --use_strict ./dist/index.js"
    },
    "keywords": [],
    "author": "",
    "license": "ISC",
    "devDependencies": {
      "@types/dotenv": "^8.2.0",
      "@types/koa": "*",
      "@types/koa-bodyparser": "*",
      "@types/koa-router": "*",
      "@types/koa-static": "^4.0.1",
      "@types/koa-views": "*",
      "@types/mkdirp": "*",
      "@types/node": "^14.0.26",
      "@types/nodemon": "*",
      "@types/request": "*",
    },
    "dependencies": {
      "csv": "^5.3.2",
      "dotenv": "^8.2.0",
      "handlebars": "*",
      "koa": "*",
      "koa-bodyparser": "*",
      "koa-router": "*",
      "koa-static": "^5.0.0",
      "koa-views": "*",
      "mkdirp": "*",
      "nodemon": "*",
      "pm2": "^4.4.0",
      "request": "*",
      "typescript-collections": "^1.3.3",
    }
  }

yarn manifest: 
  No manifest

Lockfile: 
  No lockfile
